2017/10/16 12:15:14 [INFO] Packer version: 1.1.0
2017/10/16 12:15:14 Packer Target OS/Arch: darwin amd64
2017/10/16 12:15:14 Built with Go Version: go1.9
2017/10/16 12:15:14 Detected home directory from env var: /Users/skip
2017/10/16 12:15:14 Using internal plugin for vmware-vmx
2017/10/16 12:15:14 Using internal plugin for oracle-oci
2017/10/16 12:15:14 Using internal plugin for null
2017/10/16 12:15:14 Using internal plugin for azure-arm
2017/10/16 12:15:14 Using internal plugin for digitalocean
2017/10/16 12:15:14 Using internal plugin for vmware-iso
2017/10/16 12:15:14 Using internal plugin for alicloud-ecs
2017/10/16 12:15:14 Using internal plugin for amazon-instance
2017/10/16 12:15:14 Using internal plugin for cloudstack
2017/10/16 12:15:14 Using internal plugin for oneandone
2017/10/16 12:15:14 Using internal plugin for parallels-iso
2017/10/16 12:15:14 Using internal plugin for virtualbox-ovf
2017/10/16 12:15:14 Using internal plugin for amazon-ebsvolume
2017/10/16 12:15:14 Using internal plugin for docker
2017/10/16 12:15:14 Using internal plugin for googlecompute
2017/10/16 12:15:14 Using internal plugin for qemu
2017/10/16 12:15:14 Using internal plugin for amazon-ebssurrogate
2017/10/16 12:15:14 Using internal plugin for lxd
2017/10/16 12:15:14 Using internal plugin for amazon-ebs
2017/10/16 12:15:14 Using internal plugin for file
2017/10/16 12:15:14 Using internal plugin for lxc
2017/10/16 12:15:14 Using internal plugin for openstack
2017/10/16 12:15:14 Using internal plugin for triton
2017/10/16 12:15:14 Using internal plugin for amazon-chroot
2017/10/16 12:15:14 Using internal plugin for parallels-pvm
2017/10/16 12:15:14 Using internal plugin for profitbricks
2017/10/16 12:15:14 Using internal plugin for virtualbox-iso
2017/10/16 12:15:14 Using internal plugin for hyperv-iso
2017/10/16 12:15:14 Using internal plugin for windows-shell
2017/10/16 12:15:14 Using internal plugin for chef-client
2017/10/16 12:15:14 Using internal plugin for file
2017/10/16 12:15:14 Using internal plugin for shell
2017/10/16 12:15:14 Using internal plugin for windows-restart
2017/10/16 12:15:14 Using internal plugin for chef-solo
2017/10/16 12:15:14 Using internal plugin for converge
2017/10/16 12:15:14 Using internal plugin for powershell
2017/10/16 12:15:14 Using internal plugin for shell-local
2017/10/16 12:15:14 Using internal plugin for ansible-local
2017/10/16 12:15:14 Using internal plugin for puppet-masterless
2017/10/16 12:15:14 Using internal plugin for puppet-server
2017/10/16 12:15:14 Using internal plugin for salt-masterless
2017/10/16 12:15:14 Using internal plugin for ansible
2017/10/16 12:15:14 Using internal plugin for manifest
2017/10/16 12:15:14 Using internal plugin for artifice
2017/10/16 12:15:14 Using internal plugin for checksum
2017/10/16 12:15:14 Using internal plugin for compress
2017/10/16 12:15:14 Using internal plugin for docker-push
2017/10/16 12:15:14 Using internal plugin for docker-import
2017/10/16 12:15:14 Using internal plugin for docker-tag
2017/10/16 12:15:14 Using internal plugin for vagrant
2017/10/16 12:15:14 Using internal plugin for vsphere
2017/10/16 12:15:14 Using internal plugin for vsphere-template
2017/10/16 12:15:14 Using internal plugin for amazon-import
2017/10/16 12:15:14 Using internal plugin for atlas
2017/10/16 12:15:14 Using internal plugin for googlecompute-export
2017/10/16 12:15:14 Using internal plugin for shell-local
2017/10/16 12:15:14 Using internal plugin for alicloud-import
2017/10/16 12:15:14 Using internal plugin for docker-save
2017/10/16 12:15:14 Using internal plugin for vagrant-cloud
2017/10/16 12:15:14 Detected home directory from env var: /Users/skip
2017/10/16 12:15:14 Attempting to open config file: /Users/skip/.packerconfig
2017/10/16 12:15:14 [WARN] Config file doesn't exist: /Users/skip/.packerconfig
2017/10/16 12:15:14 Packer config: &{DisableCheckpoint:false DisableCheckpointSignature:false PluginMinPort:10000 PluginMaxPort:25000 Builders:map[virtualbox-ovf:/usr/local/bin/packer-PACKERSPACE-plugin-PACKERSPACE-packer-builder-virtualbox-ovf virtualbox-iso:/usr/local/bin/packer-PACKERSPACE-plugin-PACKERSPACE-packer-builder-virtualbox-iso vmware-vmx:/usr/local/bin/packer-PACKERSPACE-plugin-PACKERSPACE-packer-builder-vmware-vmx amazon-ebssurrogate:/usr/local/bin/packer-PACKERSPACE-plugin-PACKERSPACE-packer-builder-amazon-ebssurrogate profitbricks:/usr/local/bin/packer-PACKERSPACE-plugin-PACKERSPACE-packer-builder-profitbricks digitalocean:/usr/local/bin/packer-PACKERSPACE-plugin-PACKERSPACE-packer-builder-digitalocean lxd:/usr/local/bin/packer-PACKERSPACE-plugin-PACKERSPACE-packer-builder-lxd file:/usr/local/bin/packer-PACKERSPACE-plugin-PACKERSPACE-packer-builder-file lxc:/usr/local/bin/packer-PACKERSPACE-plugin-PACKERSPACE-packer-builder-lxc amazon-chroot:/usr/local/bin/packer-PACKERSPACE-plugin-PACKERSPACE-packer-builder-amazon-chroot azure-arm:/usr/local/bin/packer-PACKERSPACE-plugin-PACKERSPACE-packer-builder-azure-arm amazon-ebsvolume:/usr/local/bin/packer-PACKERSPACE-plugin-PACKERSPACE-packer-builder-amazon-ebsvolume amazon-ebs:/usr/local/bin/packer-PACKERSPACE-plugin-PACKERSPACE-packer-builder-amazon-ebs docker:/usr/local/bin/packer-PACKERSPACE-plugin-PACKERSPACE-packer-builder-docker parallels-pvm:/usr/local/bin/packer-PACKERSPACE-plugin-PACKERSPACE-packer-builder-parallels-pvm cloudstack:/usr/local/bin/packer-PACKERSPACE-plugin-PACKERSPACE-packer-builder-cloudstack oneandone:/usr/local/bin/packer-PACKERSPACE-plugin-PACKERSPACE-packer-builder-oneandone parallels-iso:/usr/local/bin/packer-PACKERSPACE-plugin-PACKERSPACE-packer-builder-parallels-iso alicloud-ecs:/usr/local/bin/packer-PACKERSPACE-plugin-PACKERSPACE-packer-builder-alicloud-ecs qemu:/usr/local/bin/packer-PACKERSPACE-plugin-PACKERSPACE-packer-builder-qemu hyperv-iso:/usr/local/bin/packer-PACKERSPACE-plugin-PACKERSPACE-packer-builder-hyperv-iso amazon-instance:/usr/local/bin/packer-PACKERSPACE-plugin-PACKERSPACE-packer-builder-amazon-instance googlecompute:/usr/local/bin/packer-PACKERSPACE-plugin-PACKERSPACE-packer-builder-googlecompute triton:/usr/local/bin/packer-PACKERSPACE-plugin-PACKERSPACE-packer-builder-triton openstack:/usr/local/bin/packer-PACKERSPACE-plugin-PACKERSPACE-packer-builder-openstack oracle-oci:/usr/local/bin/packer-PACKERSPACE-plugin-PACKERSPACE-packer-builder-oracle-oci null:/usr/local/bin/packer-PACKERSPACE-plugin-PACKERSPACE-packer-builder-null vmware-iso:/usr/local/bin/packer-PACKERSPACE-plugin-PACKERSPACE-packer-builder-vmware-iso] PostProcessors:map[docker-save:/usr/local/bin/packer-PACKERSPACE-plugin-PACKERSPACE-packer-post-processor-docker-save compress:/usr/local/bin/packer-PACKERSPACE-plugin-PACKERSPACE-packer-post-processor-compress docker-push:/usr/local/bin/packer-PACKERSPACE-plugin-PACKERSPACE-packer-post-processor-docker-push docker-import:/usr/local/bin/packer-PACKERSPACE-plugin-PACKERSPACE-packer-post-processor-docker-import atlas:/usr/local/bin/packer-PACKERSPACE-plugin-PACKERSPACE-packer-post-processor-atlas alicloud-import:/usr/local/bin/packer-PACKERSPACE-plugin-PACKERSPACE-packer-post-processor-alicloud-import checksum:/usr/local/bin/packer-PACKERSPACE-plugin-PACKERSPACE-packer-post-processor-checksum docker-tag:/usr/local/bin/packer-PACKERSPACE-plugin-PACKERSPACE-packer-post-processor-docker-tag vsphere:/usr/local/bin/packer-PACKERSPACE-plugin-PACKERSPACE-packer-post-processor-vsphere vsphere-template:/usr/local/bin/packer-PACKERSPACE-plugin-PACKERSPACE-packer-post-processor-vsphere-template googlecompute-export:/usr/local/bin/packer-PACKERSPACE-plugin-PACKERSPACE-packer-post-processor-googlecompute-export artifice:/usr/local/bin/packer-PACKERSPACE-plugin-PACKERSPACE-packer-post-processor-artifice vagrant:/usr/local/bin/packer-PACKERSPACE-plugin-PACKERSPACE-packer-post-processor-vagrant amazon-import:/usr/local/bin/packer-PACKERSPACE-plugin-PACKERSPACE-packer-post-processor-amazon-import shell-local:/usr/local/bin/packer-PACKERSPACE-plugin-PACKERSPACE-packer-post-processor-shell-local vagrant-cloud:/usr/local/bin/packer-PACKERSPACE-plugin-PACKERSPACE-packer-post-processor-vagrant-cloud manifest:/usr/local/bin/packer-PACKERSPACE-plugin-PACKERSPACE-packer-post-processor-manifest] Provisioners:map[ansible-local:/usr/local/bin/packer-PACKERSPACE-plugin-PACKERSPACE-packer-provisioner-ansible-local ansible:/usr/local/bin/packer-PACKERSPACE-plugin-PACKERSPACE-packer-provisioner-ansible file:/usr/local/bin/packer-PACKERSPACE-plugin-PACKERSPACE-packer-provisioner-file windows-restart:/usr/local/bin/packer-PACKERSPACE-plugin-PACKERSPACE-packer-provisioner-windows-restart puppet-masterless:/usr/local/bin/packer-PACKERSPACE-plugin-PACKERSPACE-packer-provisioner-puppet-masterless puppet-server:/usr/local/bin/packer-PACKERSPACE-plugin-PACKERSPACE-packer-provisioner-puppet-server salt-masterless:/usr/local/bin/packer-PACKERSPACE-plugin-PACKERSPACE-packer-provisioner-salt-masterless shell:/usr/local/bin/packer-PACKERSPACE-plugin-PACKERSPACE-packer-provisioner-shell converge:/usr/local/bin/packer-PACKERSPACE-plugin-PACKERSPACE-packer-provisioner-converge chef-solo:/usr/local/bin/packer-PACKERSPACE-plugin-PACKERSPACE-packer-provisioner-chef-solo powershell:/usr/local/bin/packer-PACKERSPACE-plugin-PACKERSPACE-packer-provisioner-powershell shell-local:/usr/local/bin/packer-PACKERSPACE-plugin-PACKERSPACE-packer-provisioner-shell-local windows-shell:/usr/local/bin/packer-PACKERSPACE-plugin-PACKERSPACE-packer-provisioner-windows-shell chef-client:/usr/local/bin/packer-PACKERSPACE-plugin-PACKERSPACE-packer-provisioner-chef-client]}
2017/10/16 12:15:14 Detected home directory from env var: /Users/skip
2017/10/16 12:15:14 Setting cache directory: /Users/skip/Desktop/debian-testing-vagrantbox-master/packer_cache
2017/10/16 12:15:14 Detected home directory from env var: /Users/skip
2017/10/16 12:15:14 Loading builder: virtualbox-iso
2017/10/16 12:15:14 Plugin could not be found. Checking same directory as executable.
2017/10/16 12:15:14 Current exe path: /usr/local/bin/packer
2017/10/16 12:15:14 Creating plugin client for path: /usr/local/bin/packer
2017/10/16 12:15:14 Starting plugin: /usr/local/bin/packer []string{"/usr/local/bin/packer", "plugin", "packer-builder-virtualbox-iso"}
2017/10/16 12:15:14 Waiting for RPC address for: /usr/local/bin/packer
2017/10/16 12:15:14 packer: 2017/10/16 12:15:14 [INFO] Packer version: 1.1.0
2017/10/16 12:15:14 packer: 2017/10/16 12:15:14 Packer Target OS/Arch: darwin amd64
2017/10/16 12:15:14 packer: 2017/10/16 12:15:14 Built with Go Version: go1.9
2017/10/16 12:15:14 packer: 2017/10/16 12:15:14 Detected home directory from env var: /Users/skip
2017/10/16 12:15:14 packer: 2017/10/16 12:15:14 Attempting to open config file: /Users/skip/.packerconfig
2017/10/16 12:15:14 packer: 2017/10/16 12:15:14 [WARN] Config file doesn't exist: /Users/skip/.packerconfig
2017/10/16 12:15:14 packer: 2017/10/16 12:15:14 Packer config: &{DisableCheckpoint:false DisableCheckpointSignature:false PluginMinPort:10000 PluginMaxPort:25000 Builders:map[] PostProcessors:map[] Provisioners:map[]}
2017/10/16 12:15:14 packer: 2017/10/16 12:15:14 Detected home directory from env var: /Users/skip
2017/10/16 12:15:14 packer: 2017/10/16 12:15:14 Setting cache directory: /Users/skip/Desktop/debian-testing-vagrantbox-master/packer_cache
2017/10/16 12:15:14 packer: 2017/10/16 12:15:14 args: []string{"packer-builder-virtualbox-iso"}
2017/10/16 12:15:14 packer: 2017/10/16 12:15:14 Detected home directory from env var: /Users/skip
2017/10/16 12:15:14 packer: 2017/10/16 12:15:14 Plugin minimum port: 10000
2017/10/16 12:15:14 packer: 2017/10/16 12:15:14 Plugin maximum port: 25000
2017/10/16 12:15:14 packer: 2017/10/16 12:15:14 Plugin address: unix /var/folders/q3/86wyzjlx233cxns006fd_xg40000gn/T/packer-plugin128649332
2017/10/16 12:15:14 packer: 2017/10/16 12:15:14 Waiting for connection...
2017/10/16 12:15:14 packer: 2017/10/16 12:15:14 Serving a plugin connection...
2017/10/16 12:15:14 Loading provisioner: shell
2017/10/16 12:15:14 Plugin could not be found. Checking same directory as executable.
2017/10/16 12:15:14 Current exe path: /usr/local/bin/packer
2017/10/16 12:15:14 Creating plugin client for path: /usr/local/bin/packer
2017/10/16 12:15:14 Starting plugin: /usr/local/bin/packer []string{"/usr/local/bin/packer", "plugin", "packer-provisioner-shell"}
2017/10/16 12:15:14 Waiting for RPC address for: /usr/local/bin/packer
2017/10/16 12:15:14 packer: 2017/10/16 12:15:14 [INFO] Packer version: 1.1.0
2017/10/16 12:15:14 packer: 2017/10/16 12:15:14 Packer Target OS/Arch: darwin amd64
2017/10/16 12:15:14 packer: 2017/10/16 12:15:14 Built with Go Version: go1.9
2017/10/16 12:15:14 packer: 2017/10/16 12:15:14 Detected home directory from env var: /Users/skip
2017/10/16 12:15:14 packer: 2017/10/16 12:15:14 Attempting to open config file: /Users/skip/.packerconfig
2017/10/16 12:15:14 packer: 2017/10/16 12:15:14 [WARN] Config file doesn't exist: /Users/skip/.packerconfig
2017/10/16 12:15:14 packer: 2017/10/16 12:15:14 Packer config: &{DisableCheckpoint:false DisableCheckpointSignature:false PluginMinPort:10000 PluginMaxPort:25000 Builders:map[] PostProcessors:map[] Provisioners:map[]}
2017/10/16 12:15:14 packer: 2017/10/16 12:15:14 Detected home directory from env var: /Users/skip
2017/10/16 12:15:14 packer: 2017/10/16 12:15:14 Setting cache directory: /Users/skip/Desktop/debian-testing-vagrantbox-master/packer_cache
2017/10/16 12:15:14 packer: 2017/10/16 12:15:14 args: []string{"packer-provisioner-shell"}
2017/10/16 12:15:14 packer: 2017/10/16 12:15:14 Detected home directory from env var: /Users/skip
2017/10/16 12:15:14 packer: 2017/10/16 12:15:14 Plugin minimum port: 10000
2017/10/16 12:15:14 packer: 2017/10/16 12:15:14 Plugin maximum port: 25000
2017/10/16 12:15:14 packer: 2017/10/16 12:15:14 Plugin address: unix /var/folders/q3/86wyzjlx233cxns006fd_xg40000gn/T/packer-plugin428338597
2017/10/16 12:15:14 packer: 2017/10/16 12:15:14 Waiting for connection...
2017/10/16 12:15:14 packer: 2017/10/16 12:15:14 Serving a plugin connection...
2017/10/16 12:15:14 Loading post-processor: vagrant
2017/10/16 12:15:14 Plugin could not be found. Checking same directory as executable.
2017/10/16 12:15:14 Current exe path: /usr/local/bin/packer
2017/10/16 12:15:14 Creating plugin client for path: /usr/local/bin/packer
2017/10/16 12:15:14 Starting plugin: /usr/local/bin/packer []string{"/usr/local/bin/packer", "plugin", "packer-post-processor-vagrant"}
2017/10/16 12:15:14 Waiting for RPC address for: /usr/local/bin/packer
2017/10/16 12:15:14 packer: 2017/10/16 12:15:14 [INFO] Packer version: 1.1.0
2017/10/16 12:15:14 packer: 2017/10/16 12:15:14 Packer Target OS/Arch: darwin amd64
2017/10/16 12:15:14 packer: 2017/10/16 12:15:14 Built with Go Version: go1.9
2017/10/16 12:15:14 packer: 2017/10/16 12:15:14 Detected home directory from env var: /Users/skip
2017/10/16 12:15:14 packer: 2017/10/16 12:15:14 Attempting to open config file: /Users/skip/.packerconfig
2017/10/16 12:15:14 packer: 2017/10/16 12:15:14 [WARN] Config file doesn't exist: /Users/skip/.packerconfig
2017/10/16 12:15:14 packer: 2017/10/16 12:15:14 Packer config: &{DisableCheckpoint:false DisableCheckpointSignature:false PluginMinPort:10000 PluginMaxPort:25000 Builders:map[] PostProcessors:map[] Provisioners:map[]}
2017/10/16 12:15:14 packer: 2017/10/16 12:15:14 Detected home directory from env var: /Users/skip
2017/10/16 12:15:14 packer: 2017/10/16 12:15:14 Setting cache directory: /Users/skip/Desktop/debian-testing-vagrantbox-master/packer_cache
2017/10/16 12:15:14 packer: 2017/10/16 12:15:14 args: []string{"packer-post-processor-vagrant"}
2017/10/16 12:15:14 packer: 2017/10/16 12:15:14 Detected home directory from env var: /Users/skip
2017/10/16 12:15:14 packer: 2017/10/16 12:15:14 Plugin minimum port: 10000
2017/10/16 12:15:14 packer: 2017/10/16 12:15:14 Plugin maximum port: 25000
2017/10/16 12:15:14 packer: 2017/10/16 12:15:14 Plugin address: unix /var/folders/q3/86wyzjlx233cxns006fd_xg40000gn/T/packer-plugin272430022
2017/10/16 12:15:14 packer: 2017/10/16 12:15:14 Waiting for connection...
2017/10/16 12:15:14 packer: 2017/10/16 12:15:14 Serving a plugin connection...
2017/10/16 12:15:14 ui: [1;32mvirtualbox-iso output will be in this color.[0m
2017/10/16 12:15:14 ui: 
2017/10/16 12:15:14 Build debug mode: false
2017/10/16 12:15:14 Force build: false
2017/10/16 12:15:14 On error: 
2017/10/16 12:15:14 Preparing build: virtualbox-iso
2017/10/16 12:15:14 Waiting on builds to complete...
2017/10/16 12:15:14 Starting build run: virtualbox-iso
2017/10/16 12:15:14 Running builder: virtualbox-iso
2017/10/16 12:15:14 [INFO] (telemetry) Starting builder virtualbox-iso
2017/10/16 12:15:14 packer: 2017/10/16 12:15:14 VBoxManage path: /usr/local/bin/VBoxManage
2017/10/16 12:15:15 packer: 2017/10/16 12:15:15 VBoxManage --version output: 5.1.26r117224
2017/10/16 12:15:15 packer: 2017/10/16 12:15:15 VirtualBox version: 5.1.26
2017/10/16 12:15:15 packer: 2017/10/16 12:15:15 Found Default Guest Additions ISO: /Applications/VirtualBox.app/Contents/MacOS/VBoxGuestAdditions.iso
2017/10/16 12:15:15 packer: 2017/10/16 12:15:15 Guest additions URL: file:///Applications/VirtualBox.app/Contents/MacOS/VBoxGuestAdditions.iso
2017/10/16 12:15:15 ui: [1;32m==> virtualbox-iso: Downloading or copying Guest additions[0m
2017/10/16 12:15:15 ui: [0;32m    virtualbox-iso: Downloading or copying: file:///Applications/VirtualBox.app/Contents/MacOS/VBoxGuestAdditions.iso[0m
2017/10/16 12:15:15 packer: 2017/10/16 12:15:15 Acquiring lock to download: file:///Applications/VirtualBox.app/Contents/MacOS/VBoxGuestAdditions.iso
2017/10/16 12:15:15 packer: 2017/10/16 12:15:15 Parsed URL: &url.URL{Scheme:"file", Opaque:"", User:(*url.Userinfo)(nil), Host:"", Path:"/Applications/VirtualBox.app/Contents/MacOS/VBoxGuestAdditions.iso", RawPath:"", ForceQuery:false, RawQuery:"", Fragment:""}
2017/10/16 12:15:15 packer: 2017/10/16 12:15:15 [DEBUG] Using local file: /Applications/VirtualBox.app/Contents/MacOS/VBoxGuestAdditions.iso
2017/10/16 12:15:15 ui: [1;32m==> virtualbox-iso: Downloading or copying ISO[0m
2017/10/16 12:15:15 ui: [0;32m    virtualbox-iso: Downloading or copying: http://cdimage.debian.org/cdimage/release/9.2.1/amd64/iso-cd/debian-9.2.1-amd64-netinst.iso[0m
2017/10/16 12:15:15 packer: 2017/10/16 12:15:15 Acquiring lock to download: http://cdimage.debian.org/cdimage/release/9.2.1/amd64/iso-cd/debian-9.2.1-amd64-netinst.iso
2017/10/16 12:15:15 packer: 2017/10/16 12:15:15 Parsed URL: &url.URL{Scheme:"http", Opaque:"", User:(*url.Userinfo)(nil), Host:"cdimage.debian.org", Path:"/cdimage/release/9.2.1/amd64/iso-cd/debian-9.2.1-amd64-netinst.iso", RawPath:"", ForceQuery:false, RawQuery:"", Fragment:""}
2017/10/16 12:15:15 packer: 2017/10/16 12:15:15 [DEBUG] Downloading: http://cdimage.debian.org/cdimage/release/9.2.1/amd64/iso-cd/debian-9.2.1-amd64-netinst.iso
2017/10/16 12:15:15 packer: 2017/10/16 12:15:15 Starting download: http://cdimage.debian.org/cdimage/release/9.2.1/amd64/iso-cd/debian-9.2.1-amd64-netinst.iso
2017/10/16 12:15:20 ui: [0;32m    virtualbox-iso: Download progress: 3%[0m
2017/10/16 12:15:25 ui: [0;32m    virtualbox-iso: Download progress: 12%[0m
2017/10/16 12:15:30 ui: [0;32m    virtualbox-iso: Download progress: 21%[0m
2017/10/16 12:15:35 ui: [0;32m    virtualbox-iso: Download progress: 30%[0m
2017/10/16 12:15:40 ui: [0;32m    virtualbox-iso: Download progress: 38%[0m
2017/10/16 12:15:45 ui: [0;32m    virtualbox-iso: Download progress: 46%[0m
2017/10/16 12:15:50 ui: [0;32m    virtualbox-iso: Download progress: 55%[0m
2017/10/16 12:15:55 ui: [0;32m    virtualbox-iso: Download progress: 65%[0m
2017/10/16 12:16:00 ui: [0;32m    virtualbox-iso: Download progress: 74%[0m
2017/10/16 12:16:05 ui: [0;32m    virtualbox-iso: Download progress: 83%[0m
2017/10/16 12:16:10 ui: [0;32m    virtualbox-iso: Download progress: 91%[0m
2017/10/16 12:16:15 packer: 2017/10/16 12:16:15 Verifying checksum of /Users/skip/Desktop/debian-testing-vagrantbox-master/packer_cache/72e6dd188ebfe9cb90bf1c01cf3d47deca1ce639f1355ffd46a85dcb753290c3.iso
2017/10/16 12:16:15 ui: [0;32m    virtualbox-iso: Download progress: 100%[0m
2017/10/16 12:16:16 ui: [0;32m    virtualbox-iso: Error downloading: checksums didn't match expected: ebfe25dc593967e39349b205480b0ec0103ef4a0468c602f4857e13d06d407bfe876162399e0e8d4dea5675953dc37ab585316f307ccf9f4440124b4f719df04[0m
2017/10/16 12:16:16 ui error: [1;31m==> virtualbox-iso: ISO download failed.[0m
2017/10/16 12:16:16 [INFO] (telemetry) ending virtualbox-iso
2017/10/16 12:16:16 [INFO] (telemetry) found error: ISO download failed.
2017/10/16 12:16:16 ui error: [1;31mBuild 'virtualbox-iso' errored: ISO download failed.[0m
2017/10/16 12:16:16 Builds completed. Waiting on interrupt barrier...
2017/10/16 12:16:16 machine readable: error-count []string{"1"}
2017/10/16 12:16:16 ui error: 
==> Some builds didn't complete successfully and had errors:
2017/10/16 12:16:16 machine readable: virtualbox-iso,error []string{"ISO download failed."}
2017/10/16 12:16:16 ui error: --> virtualbox-iso: ISO download failed.
2017/10/16 12:16:16 ui: 
==> Builds finished but no artifacts were created.
2017/10/16 12:16:16 [WARN] (telemetry) Error finalizing report. This is safe to ignore. Post https://checkpoint-api.hashicorp.com/v1/telemetry/packer: context deadline exceeded
2017/10/16 12:16:16 waiting for all plugin processes to complete...
2017/10/16 12:16:16 /usr/local/bin/packer: plugin process exited
2017/10/16 12:16:16 /usr/local/bin/packer: plugin process exited
2017/10/16 12:16:16 /usr/local/bin/packer: plugin process exited
